<?xml version="1.0" encoding="UTF-8"?>
<!-- Generated by org.testng.reporters.JUnitReportReporter -->
<testsuite skipped="0" hostname="BLRETV-C02Y.Dlink" name="com.halodoc.tests.FindRestaurant" tests="3" failures="0" timestamp="2020-08-31T19:55:46 IST" time="3.574" errors="0">
  <testcase name="getResturantInBudget" time="0.939" classname="com.halodoc.tests.FindRestaurant"/>
  <system-out/>
  <testcase name="getLocation" time="1.586" classname="com.halodoc.tests.FindRestaurant"/>
  <system-out/>
  <testcase name="getLocationDetails" time="1.049" classname="com.halodoc.tests.FindRestaurant"/>
  <system-out/>
</testsuite> <!-- com.halodoc.tests.FindRestaurant -->
